<?xml version="1.0" encoding="UTF-8"?>
<testng-results skipped="0" failed="0" total="1" passed="1">
  <reporter-output>
  </reporter-output>
  <suite name="Default suite" duration-ms="24384" started-at="2019-08-28T15:57:23Z" finished-at="2019-08-28T15:57:47Z">
    <groups>
    </groups>
    <test name="Default test" duration-ms="24384" started-at="2019-08-28T15:57:23Z" finished-at="2019-08-28T15:57:47Z">
      <class name="basicselenium.FirstSeleniumClass">
        <test-method status="PASS" signature="login()[pri:0, instance:basicselenium.FirstSeleniumClass@5034c75a]" name="login" duration-ms="24355" started-at="2019-08-28T21:27:23Z" finished-at="2019-08-28T21:27:47Z">
          <reporter-output>
          </reporter-output>
        </test-method> <!-- login -->
      </class> <!-- basicselenium.FirstSeleniumClass -->
    </test> <!-- Default test -->
  </suite> <!-- Default suite -->
</testng-results>
