<?xml version="1.0" encoding="UTF-8"?>
<!-- Generated by org.testng.reporters.JUnitXMLReporter -->
<testsuite hostname="DESKTOP-AFROGMA" name="CAS" tests="6" failures="0" timestamp="26 Aug 2019 15:50:42 GMT" time="0.054" errors="0">
  <testcase name="test1" time="0.01" classname="basicAnnotation2.TestClass4"/>
  <testcase name="test2" time="0.004" classname="basicAnnotation2.TestClass4"/>
  <testcase name="test3" time="0.0" classname="basicAnnotation2.TestClass4"/>
  <testcase name="test1" time="0.004" classname="basicAnnotation2.TestClass5"/>
  <testcase name="test2" time="0.0" classname="basicAnnotation2.TestClass5"/>
  <testcase name="test3" time="0.0" classname="basicAnnotation2.TestClass5"/>
</testsuite> <!-- CAS -->
