<?xml version="1.0" encoding="UTF-8"?>
<!-- Generated by org.testng.reporters.JUnitXMLReporter -->
<testsuite hostname="DESKTOP-AFROGMA" name="SFDC" tests="5" failures="0" timestamp="26 Aug 2019 15:50:42 GMT" time="0.081" errors="0">
  <testcase name="test1" time="0.007" classname="basicAnnotation2.TestClass3"/>
  <testcase name="test3" time="0.004" classname="basicAnnotation2.TestClass3"/>
  <testcase name="test1" time="0.003" classname="basicAnnotation2.TestClass2"/>
  <testcase name="test2" time="0.005" classname="basicAnnotation2.TestClass2"/>
  <testcase name="test3" time="0.0" classname="basicAnnotation2.TestClass2"/>
</testsuite> <!-- SFDC -->
