<?xml version="1.0" encoding="UTF-8"?>
<testng-results skipped="0" failed="0" total="11" passed="11">
  <reporter-output>
  </reporter-output>
  <suite name="Suite" duration-ms="187" started-at="2019-08-26T15:50:42Z" finished-at="2019-08-26T15:50:42Z">
    <groups>
    </groups>
    <test name="SFDC" duration-ms="81" started-at="2019-08-26T15:50:42Z" finished-at="2019-08-26T15:50:42Z">
      <class name="basicAnnotation2.TestClass2">
        <test-method status="PASS" signature="masterSFDC(java.lang.String)[pri:0, instance:basicAnnotation2.TestClass2@735b5592]" name="masterSFDC" is-config="true" duration-ms="3" started-at="2019-08-26T21:20:42Z" finished-at="2019-08-26T21:20:42Z">
          <params>
            <param index="0">
              <value>
                <![CDATA[chrome]]>
              </value>
            </param>
          </params>
          <reporter-output>
          </reporter-output>
        </test-method> <!-- masterSFDC -->
        <test-method status="PASS" signature="beforeClass()[pri:0, instance:basicAnnotation2.TestClass2@735b5592]" name="beforeClass" is-config="true" duration-ms="1" started-at="2019-08-26T21:20:42Z" finished-at="2019-08-26T21:20:42Z">
          <reporter-output>
          </reporter-output>
        </test-method> <!-- beforeClass -->
        <test-method status="PASS" signature="test1()[pri:0, instance:basicAnnotation2.TestClass2@735b5592]" name="test1" duration-ms="3" started-at="2019-08-26T21:20:42Z" finished-at="2019-08-26T21:20:42Z">
          <reporter-output>
          </reporter-output>
        </test-method> <!-- test1 -->
        <test-method status="PASS" signature="beforeMethod()[pri:0, instance:basicAnnotation2.TestClass2@735b5592]" name="beforeMethod" is-config="true" duration-ms="0" started-at="2019-08-26T21:20:42Z" finished-at="2019-08-26T21:20:42Z">
          <reporter-output>
          </reporter-output>
        </test-method> <!-- beforeMethod -->
        <test-method status="PASS" signature="afterMethod()[pri:0, instance:basicAnnotation2.TestClass2@735b5592]" name="afterMethod" is-config="true" duration-ms="3" started-at="2019-08-26T21:20:42Z" finished-at="2019-08-26T21:20:42Z">
          <reporter-output>
          </reporter-output>
        </test-method> <!-- afterMethod -->
        <test-method status="PASS" signature="test2()[pri:0, instance:basicAnnotation2.TestClass2@735b5592]" name="test2" duration-ms="5" started-at="2019-08-26T21:20:42Z" finished-at="2019-08-26T21:20:42Z">
          <reporter-output>
          </reporter-output>
        </test-method> <!-- test2 -->
        <test-method status="PASS" signature="beforeMethod()[pri:0, instance:basicAnnotation2.TestClass2@735b5592]" name="beforeMethod" is-config="true" duration-ms="0" started-at="2019-08-26T21:20:42Z" finished-at="2019-08-26T21:20:42Z">
          <reporter-output>
          </reporter-output>
        </test-method> <!-- beforeMethod -->
        <test-method status="PASS" signature="afterMethod()[pri:0, instance:basicAnnotation2.TestClass2@735b5592]" name="afterMethod" is-config="true" duration-ms="1" started-at="2019-08-26T21:20:42Z" finished-at="2019-08-26T21:20:42Z">
          <reporter-output>
          </reporter-output>
        </test-method> <!-- afterMethod -->
        <test-method status="PASS" signature="beforeMethod()[pri:0, instance:basicAnnotation2.TestClass2@735b5592]" name="beforeMethod" is-config="true" duration-ms="0" started-at="2019-08-26T21:20:42Z" finished-at="2019-08-26T21:20:42Z">
          <reporter-output>
          </reporter-output>
        </test-method> <!-- beforeMethod -->
        <test-method status="PASS" signature="test3()[pri:0, instance:basicAnnotation2.TestClass2@735b5592]" name="test3" duration-ms="0" started-at="2019-08-26T21:20:42Z" finished-at="2019-08-26T21:20:42Z">
          <reporter-output>
          </reporter-output>
        </test-method> <!-- test3 -->
        <test-method status="PASS" signature="afterClass()[pri:0, instance:basicAnnotation2.TestClass2@735b5592]" name="afterClass" is-config="true" duration-ms="0" started-at="2019-08-26T21:20:42Z" finished-at="2019-08-26T21:20:42Z">
          <reporter-output>
          </reporter-output>
        </test-method> <!-- afterClass -->
        <test-method status="PASS" signature="afterSFDC()[pri:0, instance:basicAnnotation2.TestClass2@735b5592]" name="afterSFDC" is-config="true" duration-ms="0" started-at="2019-08-26T21:20:42Z" finished-at="2019-08-26T21:20:42Z">
          <reporter-output>
          </reporter-output>
        </test-method> <!-- afterSFDC -->
        <test-method status="PASS" signature="afterMethod()[pri:0, instance:basicAnnotation2.TestClass2@735b5592]" name="afterMethod" is-config="true" duration-ms="0" started-at="2019-08-26T21:20:42Z" finished-at="2019-08-26T21:20:42Z">
          <reporter-output>
          </reporter-output>
        </test-method> <!-- afterMethod -->
      </class> <!-- basicAnnotation2.TestClass2 -->
      <class name="basicAnnotation2.TestClass3">
        <test-method status="PASS" signature="beforeClass()[pri:0, instance:basicAnnotation2.TestClass3@58651fd0]" name="beforeClass" is-config="true" duration-ms="1" started-at="2019-08-26T21:20:42Z" finished-at="2019-08-26T21:20:42Z">
          <reporter-output>
          </reporter-output>
        </test-method> <!-- beforeClass -->
        <test-method status="PASS" signature="test1()[pri:0, instance:basicAnnotation2.TestClass3@58651fd0]" name="test1" duration-ms="7" started-at="2019-08-26T21:20:42Z" finished-at="2019-08-26T21:20:42Z">
          <reporter-output>
          </reporter-output>
        </test-method> <!-- test1 -->
        <test-method status="PASS" signature="beforeMethod()[pri:0, instance:basicAnnotation2.TestClass3@58651fd0]" name="beforeMethod" is-config="true" duration-ms="0" started-at="2019-08-26T21:20:42Z" finished-at="2019-08-26T21:20:42Z">
          <reporter-output>
          </reporter-output>
        </test-method> <!-- beforeMethod -->
        <test-method status="PASS" signature="afterMethod()[pri:0, instance:basicAnnotation2.TestClass3@58651fd0]" name="afterMethod" is-config="true" duration-ms="5" started-at="2019-08-26T21:20:42Z" finished-at="2019-08-26T21:20:42Z">
          <reporter-output>
          </reporter-output>
        </test-method> <!-- afterMethod -->
        <test-method status="PASS" signature="test3()[pri:0, instance:basicAnnotation2.TestClass3@58651fd0]" name="test3" duration-ms="4" started-at="2019-08-26T21:20:42Z" finished-at="2019-08-26T21:20:42Z">
          <reporter-output>
          </reporter-output>
        </test-method> <!-- test3 -->
        <test-method status="PASS" signature="beforeMethod()[pri:0, instance:basicAnnotation2.TestClass3@58651fd0]" name="beforeMethod" is-config="true" duration-ms="0" started-at="2019-08-26T21:20:42Z" finished-at="2019-08-26T21:20:42Z">
          <reporter-output>
          </reporter-output>
        </test-method> <!-- beforeMethod -->
        <test-method status="PASS" signature="afterMethod()[pri:0, instance:basicAnnotation2.TestClass3@58651fd0]" name="afterMethod" is-config="true" duration-ms="1" started-at="2019-08-26T21:20:42Z" finished-at="2019-08-26T21:20:42Z">
          <reporter-output>
          </reporter-output>
        </test-method> <!-- afterMethod -->
        <test-method status="PASS" signature="afterClass()[pri:0, instance:basicAnnotation2.TestClass3@58651fd0]" name="afterClass" is-config="true" duration-ms="1" started-at="2019-08-26T21:20:42Z" finished-at="2019-08-26T21:20:42Z">
          <reporter-output>
          </reporter-output>
        </test-method> <!-- afterClass -->
      </class> <!-- basicAnnotation2.TestClass3 -->
    </test> <!-- SFDC -->
    <test name="CAS" duration-ms="54" started-at="2019-08-26T15:50:42Z" finished-at="2019-08-26T15:50:42Z">
      <class name="basicAnnotation2.TestClass4">
        <test-method status="PASS" signature="masterMaintanence(java.lang.String)[pri:0, instance:basicAnnotation2.TestClass4@2b98378d]" name="masterMaintanence" is-config="true" duration-ms="4" started-at="2019-08-26T21:20:42Z" finished-at="2019-08-26T21:20:42Z">
          <params>
            <param index="0">
              <value>
                <![CDATA[firefox]]>
              </value>
            </param>
          </params>
          <reporter-output>
          </reporter-output>
        </test-method> <!-- masterMaintanence -->
        <test-method status="PASS" signature="beforeMethod()[pri:0, instance:basicAnnotation2.TestClass4@2b98378d]" name="beforeMethod" is-config="true" duration-ms="0" started-at="2019-08-26T21:20:42Z" finished-at="2019-08-26T21:20:42Z">
          <reporter-output>
          </reporter-output>
        </test-method> <!-- beforeMethod -->
        <test-method status="PASS" signature="test1()[pri:0, instance:basicAnnotation2.TestClass4@2b98378d]" name="test1" duration-ms="10" started-at="2019-08-26T21:20:42Z" finished-at="2019-08-26T21:20:42Z">
          <reporter-output>
          </reporter-output>
        </test-method> <!-- test1 -->
        <test-method status="PASS" signature="beforeClass()[pri:0, instance:basicAnnotation2.TestClass4@2b98378d]" name="beforeClass" is-config="true" duration-ms="0" started-at="2019-08-26T21:20:42Z" finished-at="2019-08-26T21:20:42Z">
          <reporter-output>
          </reporter-output>
        </test-method> <!-- beforeClass -->
        <test-method status="PASS" signature="afterMethod()[pri:0, instance:basicAnnotation2.TestClass4@2b98378d]" name="afterMethod" is-config="true" duration-ms="1" started-at="2019-08-26T21:20:42Z" finished-at="2019-08-26T21:20:42Z">
          <reporter-output>
          </reporter-output>
        </test-method> <!-- afterMethod -->
        <test-method status="PASS" signature="beforeMethod()[pri:0, instance:basicAnnotation2.TestClass4@2b98378d]" name="beforeMethod" is-config="true" duration-ms="3" started-at="2019-08-26T21:20:42Z" finished-at="2019-08-26T21:20:42Z">
          <reporter-output>
          </reporter-output>
        </test-method> <!-- beforeMethod -->
        <test-method status="PASS" signature="test2()[pri:0, instance:basicAnnotation2.TestClass4@2b98378d]" name="test2" duration-ms="4" started-at="2019-08-26T21:20:42Z" finished-at="2019-08-26T21:20:42Z">
          <reporter-output>
          </reporter-output>
        </test-method> <!-- test2 -->
        <test-method status="PASS" signature="afterMethod()[pri:0, instance:basicAnnotation2.TestClass4@2b98378d]" name="afterMethod" is-config="true" duration-ms="4" started-at="2019-08-26T21:20:42Z" finished-at="2019-08-26T21:20:42Z">
          <reporter-output>
          </reporter-output>
        </test-method> <!-- afterMethod -->
        <test-method status="PASS" signature="test3()[pri:0, instance:basicAnnotation2.TestClass4@2b98378d]" name="test3" duration-ms="0" started-at="2019-08-26T21:20:42Z" finished-at="2019-08-26T21:20:42Z">
          <reporter-output>
          </reporter-output>
        </test-method> <!-- test3 -->
        <test-method status="PASS" signature="beforeMethod()[pri:0, instance:basicAnnotation2.TestClass4@2b98378d]" name="beforeMethod" is-config="true" duration-ms="0" started-at="2019-08-26T21:20:42Z" finished-at="2019-08-26T21:20:42Z">
          <reporter-output>
          </reporter-output>
        </test-method> <!-- beforeMethod -->
        <test-method status="PASS" signature="afterClass()[pri:0, instance:basicAnnotation2.TestClass4@2b98378d]" name="afterClass" is-config="true" duration-ms="0" started-at="2019-08-26T21:20:42Z" finished-at="2019-08-26T21:20:42Z">
          <reporter-output>
          </reporter-output>
        </test-method> <!-- afterClass -->
        <test-method status="PASS" signature="afterMethod()[pri:0, instance:basicAnnotation2.TestClass4@2b98378d]" name="afterMethod" is-config="true" duration-ms="0" started-at="2019-08-26T21:20:42Z" finished-at="2019-08-26T21:20:42Z">
          <reporter-output>
          </reporter-output>
        </test-method> <!-- afterMethod -->
        <test-method status="PASS" signature="afterMaintanence()[pri:0, instance:basicAnnotation2.TestClass4@2b98378d]" name="afterMaintanence" is-config="true" duration-ms="0" started-at="2019-08-26T21:20:42Z" finished-at="2019-08-26T21:20:42Z">
          <reporter-output>
          </reporter-output>
        </test-method> <!-- afterMaintanence -->
      </class> <!-- basicAnnotation2.TestClass4 -->
      <class name="basicAnnotation2.TestClass5">
        <test-method status="PASS" signature="beforeSuite()[pri:0, instance:basicAnnotation2.TestClass5@4b9e13df]" name="beforeSuite" is-config="true" duration-ms="13" started-at="2019-08-26T21:20:42Z" finished-at="2019-08-26T21:20:42Z">
          <reporter-output>
          </reporter-output>
        </test-method> <!-- beforeSuite -->
        <test-method status="PASS" signature="beforeMethod()[pri:0, instance:basicAnnotation2.TestClass5@4b9e13df]" name="beforeMethod" is-config="true" duration-ms="0" started-at="2019-08-26T21:20:42Z" finished-at="2019-08-26T21:20:42Z">
          <reporter-output>
          </reporter-output>
        </test-method> <!-- beforeMethod -->
        <test-method status="PASS" signature="test1()[pri:0, instance:basicAnnotation2.TestClass5@4b9e13df]" name="test1" duration-ms="4" started-at="2019-08-26T21:20:42Z" finished-at="2019-08-26T21:20:42Z">
          <reporter-output>
          </reporter-output>
        </test-method> <!-- test1 -->
        <test-method status="PASS" signature="beforeClass()[pri:0, instance:basicAnnotation2.TestClass5@4b9e13df]" name="beforeClass" is-config="true" duration-ms="0" started-at="2019-08-26T21:20:42Z" finished-at="2019-08-26T21:20:42Z">
          <reporter-output>
          </reporter-output>
        </test-method> <!-- beforeClass -->
        <test-method status="PASS" signature="afterMethod()[pri:0, instance:basicAnnotation2.TestClass5@4b9e13df]" name="afterMethod" is-config="true" duration-ms="0" started-at="2019-08-26T21:20:42Z" finished-at="2019-08-26T21:20:42Z">
          <reporter-output>
          </reporter-output>
        </test-method> <!-- afterMethod -->
        <test-method status="PASS" signature="beforeMethod()[pri:0, instance:basicAnnotation2.TestClass5@4b9e13df]" name="beforeMethod" is-config="true" duration-ms="0" started-at="2019-08-26T21:20:42Z" finished-at="2019-08-26T21:20:42Z">
          <reporter-output>
          </reporter-output>
        </test-method> <!-- beforeMethod -->
        <test-method status="PASS" signature="test2()[pri:0, instance:basicAnnotation2.TestClass5@4b9e13df]" name="test2" duration-ms="0" started-at="2019-08-26T21:20:42Z" finished-at="2019-08-26T21:20:42Z">
          <reporter-output>
          </reporter-output>
        </test-method> <!-- test2 -->
        <test-method status="PASS" signature="afterMethod()[pri:0, instance:basicAnnotation2.TestClass5@4b9e13df]" name="afterMethod" is-config="true" duration-ms="0" started-at="2019-08-26T21:20:42Z" finished-at="2019-08-26T21:20:42Z">
          <reporter-output>
          </reporter-output>
        </test-method> <!-- afterMethod -->
        <test-method status="PASS" signature="test3()[pri:0, instance:basicAnnotation2.TestClass5@4b9e13df]" name="test3" duration-ms="0" started-at="2019-08-26T21:20:42Z" finished-at="2019-08-26T21:20:42Z">
          <reporter-output>
          </reporter-output>
        </test-method> <!-- test3 -->
        <test-method status="PASS" signature="afterClass()[pri:0, instance:basicAnnotation2.TestClass5@4b9e13df]" name="afterClass" is-config="true" duration-ms="4" started-at="2019-08-26T21:20:42Z" finished-at="2019-08-26T21:20:42Z">
          <reporter-output>
          </reporter-output>
        </test-method> <!-- afterClass -->
        <test-method status="PASS" signature="beforeMethod()[pri:0, instance:basicAnnotation2.TestClass5@4b9e13df]" name="beforeMethod" is-config="true" duration-ms="0" started-at="2019-08-26T21:20:42Z" finished-at="2019-08-26T21:20:42Z">
          <reporter-output>
          </reporter-output>
        </test-method> <!-- beforeMethod -->
        <test-method status="PASS" signature="afterMethod()[pri:0, instance:basicAnnotation2.TestClass5@4b9e13df]" name="afterMethod" is-config="true" duration-ms="0" started-at="2019-08-26T21:20:42Z" finished-at="2019-08-26T21:20:42Z">
          <reporter-output>
          </reporter-output>
        </test-method> <!-- afterMethod -->
        <test-method status="PASS" signature="afterSuite()[pri:0, instance:basicAnnotation2.TestClass5@4b9e13df]" name="afterSuite" is-config="true" duration-ms="0" started-at="2019-08-26T21:20:42Z" finished-at="2019-08-26T21:20:42Z">
          <reporter-output>
          </reporter-output>
        </test-method> <!-- afterSuite -->
      </class> <!-- basicAnnotation2.TestClass5 -->
    </test> <!-- CAS -->
  </suite> <!-- Suite -->
</testng-results>
